<?xml version='1.0'?>
<ns2:test-suite xmlns:ns2='urn:model.allure.qatools.yandex.ru' start='1550071000701' stop='1550071009324'>
    <name>workspace-project App</name>
    <title>workspace-project App</title>
    <test-cases>
        <test-case start='1550071000702' status='failed' stop='1550071008450'>
            <name>Test Initial Loading Sites</name>
            <title>Test Initial Loading Sites</title>
            <labels/>
            <parameters/>
            <steps/>
            <attachments>
                <attachment title='Screenshot' source='9678c6a3-6072-499a-8496-e34caa524838-attachment.png' type='image/png' size='59188'/>
            </attachments>
            <failure>
                <message>Failed: POST /session/9d5f2bf6-3ecd-db49-96d7-3f6362c1bfc9/log did not match a known command</message>
                <stack-trace>UnknownCommandError: POST /session/9d5f2bf6-3ecd-db49-96d7-3f6362c1bfc9/log did not match a known command
                    at Object.throwDecodedError (/usr/local/lib/node_modules/protractor/node_modules/selenium-webdriver/lib/error.js:514:15)
                    at parseHttpResponse (/usr/local/lib/node_modules/protractor/node_modules/selenium-webdriver/lib/http.js:519:13)
                    at doSend.then.response (/usr/local/lib/node_modules/protractor/node_modules/selenium-webdriver/lib/http.js:441:30)
                    at processTicksAndRejections (internal/process/next_tick.js:81:5)
                From: Task: WebDriver.manage().logs().get(browser)
                    at Driver.schedule (/usr/local/lib/node_modules/protractor/node_modules/selenium-webdriver/lib/webdriver.js:807:17)
                    at Logs.get (/usr/local/lib/node_modules/protractor/node_modules/selenium-webdriver/lib/webdriver.js:1731:25)
                    at Object.&lt;anonymous> (/Users/jbarrera/Protractor/HugeAutomation/e2e/app.e2e-spec.ts:42:48)
                    at step (/Users/jbarrera/Protractor/HugeAutomation/node_modules/tslib/tslib.js:133:27)
                    at Object.next (/Users/jbarrera/Protractor/HugeAutomation/node_modules/tslib/tslib.js:114:57)
                    at /Users/jbarrera/Protractor/HugeAutomation/node_modules/tslib/tslib.js:107:75
                    at new Promise (&lt;anonymous>)
                    at Object.__awaiter (/Users/jbarrera/Protractor/HugeAutomation/node_modules/tslib/tslib.js:103:16)
                    at UserContext.&lt;anonymous> (/Users/jbarrera/Protractor/HugeAutomation/e2e/app.e2e-spec.ts:40:13)
                    at /usr/local/lib/node_modules/protractor/node_modules/jasminewd2/index.js:112:25
                From: Task: Run afterEach in control flow
                    at UserContext.&lt;anonymous> (/usr/local/lib/node_modules/protractor/node_modules/jasminewd2/index.js:94:19)
                    at attempt (/usr/local/lib/node_modules/protractor/node_modules/jasmine-core/lib/jasmine-core/jasmine.js:4297:26)
                    at QueueRunner.run (/usr/local/lib/node_modules/protractor/node_modules/jasmine-core/lib/jasmine-core/jasmine.js:4217:20)
                    at runNext (/usr/local/lib/node_modules/protractor/node_modules/jasmine-core/lib/jasmine-core/jasmine.js:4257:20)
                    at /usr/local/lib/node_modules/protractor/node_modules/jasmine-core/lib/jasmine-core/jasmine.js:4264:13
                    at /usr/local/lib/node_modules/protractor/node_modules/jasmine-core/lib/jasmine-core/jasmine.js:4172:9
                    at /usr/local/lib/node_modules/protractor/node_modules/jasminewd2/index.js:64:48
                    at ControlFlow.emit (/usr/local/lib/node_modules/protractor/node_modules/selenium-webdriver/lib/events.js:62:21)
                    at ControlFlow.shutdown_ (/usr/local/lib/node_modules/protractor/node_modules/selenium-webdriver/lib/promise.js:2674:10)
                    at shutdownTask_.MicroTask (/usr/local/lib/node_modules/protractor/node_modules/selenium-webdriver/lib/promise.js:2599:53)
                From asynchronous test: 
                Error
                    at Suite.&lt;anonymous> (/Users/jbarrera/Protractor/HugeAutomation/e2e/app.e2e-spec.ts:40:3)
                    at addSpecsToSuite (/usr/local/lib/node_modules/protractor/node_modules/jasmine-core/lib/jasmine-core/jasmine.js:1107:25)
                    at Env.describe (/usr/local/lib/node_modules/protractor/node_modules/jasmine-core/lib/jasmine-core/jasmine.js:1074:7)
                    at describe (/usr/local/lib/node_modules/protractor/node_modules/jasmine-core/lib/jasmine-core/jasmine.js:4399:18)
                    at Object.&lt;anonymous> (/Users/jbarrera/Protractor/HugeAutomation/e2e/app.e2e-spec.ts:18:1)
                    at Module._compile (internal/modules/cjs/loader.js:734:30)
                    at Module.m._compile (/Users/jbarrera/Protractor/HugeAutomation/node_modules/ts-node/src/index.ts:439:23)
                    at Module._extensions..js (internal/modules/cjs/loader.js:745:10)
                    at Object.require.extensions.(anonymous function) [as .ts] (/Users/jbarrera/Protractor/HugeAutomation/node_modules/ts-node/src/index.ts:442:12)</stack-trace>
            </failure>
        </test-case>
        <test-case start='1550071008451' status='failed' stop='1550071009323'>
            <name>Test Second Loading Sites</name>
            <title>Test Second Loading Sites</title>
            <labels/>
            <parameters/>
            <steps/>
            <attachments>
                <attachment title='Screenshot' source='e6f4cf0a-cbf7-4af5-b185-2a7459775996-attachment.png' type='image/png' size='8066'/>
            </attachments>
            <failure>
                <message>Failed: A test is already running</message>
                <stack-trace>Error: A test is already running
                    at Eyes.&lt;anonymous> (/Users/jbarrera/Protractor/HugeAutomation/node_modules/eyes.sdk/src/EyesBase.js:918:32)
                    at ManagedPromise.invokeCallback_ (/usr/local/lib/node_modules/protractor/node_modules/selenium-webdriver/lib/promise.js:1376:14)
                    at TaskQueue.execute_ (/usr/local/lib/node_modules/protractor/node_modules/selenium-webdriver/lib/promise.js:3084:14)
                    at TaskQueue.executeNext_ (/usr/local/lib/node_modules/protractor/node_modules/selenium-webdriver/lib/promise.js:3067:27)
                    at asyncRun (/usr/local/lib/node_modules/protractor/node_modules/selenium-webdriver/lib/promise.js:2927:27)
                    at /usr/local/lib/node_modules/protractor/node_modules/selenium-webdriver/lib/promise.js:668:7
                    at processTicksAndRejections (internal/process/next_tick.js:81:5)
                From: Task: &lt;anonymous>
                    at PromiseFactory._promiseFactoryFunc (/Users/jbarrera/Protractor/HugeAutomation/node_modules/eyes.selenium/src/Eyes.js:76:25)
                    at PromiseFactory.makePromise (/Users/jbarrera/Protractor/HugeAutomation/node_modules/eyes.utils/src/PromiseFactory.js:38:25)
                    at EyesBase.open (/Users/jbarrera/Protractor/HugeAutomation/node_modules/eyes.sdk/src/EyesBase.js:897:37)
                    at /Users/jbarrera/Protractor/HugeAutomation/node_modules/eyes.selenium/src/Eyes.js:179:44
                    at ManagedPromise.invokeCallback_ (/usr/local/lib/node_modules/protractor/node_modules/selenium-webdriver/lib/promise.js:1376:14)
                    at TaskQueue.execute_ (/usr/local/lib/node_modules/protractor/node_modules/selenium-webdriver/lib/promise.js:3084:14)
                    at TaskQueue.executeNext_ (/usr/local/lib/node_modules/protractor/node_modules/selenium-webdriver/lib/promise.js:3067:27)
                    at asyncRun (/usr/local/lib/node_modules/protractor/node_modules/selenium-webdriver/lib/promise.js:2927:27)
                    at /usr/local/lib/node_modules/protractor/node_modules/selenium-webdriver/lib/promise.js:668:7
                    at processTicksAndRejections (internal/process/next_tick.js:81:5)
                From: Task: Run beforeEach in control flow
                    at UserContext.&lt;anonymous> (/usr/local/lib/node_modules/protractor/node_modules/jasminewd2/index.js:94:19)
                    at attempt (/usr/local/lib/node_modules/protractor/node_modules/jasmine-core/lib/jasmine-core/jasmine.js:4297:26)
                    at QueueRunner.run (/usr/local/lib/node_modules/protractor/node_modules/jasmine-core/lib/jasmine-core/jasmine.js:4217:20)
                    at QueueRunner.execute (/usr/local/lib/node_modules/protractor/node_modules/jasmine-core/lib/jasmine-core/jasmine.js:4199:10)
                    at Spec.queueRunnerFactory (/usr/local/lib/node_modules/protractor/node_modules/jasmine-core/lib/jasmine-core/jasmine.js:909:35)
                    at Spec.execute (/usr/local/lib/node_modules/protractor/node_modules/jasmine-core/lib/jasmine-core/jasmine.js:526:10)
                    at UserContext.fn (/usr/local/lib/node_modules/protractor/node_modules/jasmine-core/lib/jasmine-core/jasmine.js:5340:37)
                    at attempt (/usr/local/lib/node_modules/protractor/node_modules/jasmine-core/lib/jasmine-core/jasmine.js:4297:26)
                    at QueueRunner.run (/usr/local/lib/node_modules/protractor/node_modules/jasmine-core/lib/jasmine-core/jasmine.js:4217:20)
                    at runNext (/usr/local/lib/node_modules/protractor/node_modules/jasmine-core/lib/jasmine-core/jasmine.js:4257:20)
                From asynchronous test: 
                Error
                    at Suite.&lt;anonymous> (/Users/jbarrera/Protractor/HugeAutomation/e2e/app.e2e-spec.ts:22:3)
                    at addSpecsToSuite (/usr/local/lib/node_modules/protractor/node_modules/jasmine-core/lib/jasmine-core/jasmine.js:1107:25)
                    at Env.describe (/usr/local/lib/node_modules/protractor/node_modules/jasmine-core/lib/jasmine-core/jasmine.js:1074:7)
                    at describe (/usr/local/lib/node_modules/protractor/node_modules/jasmine-core/lib/jasmine-core/jasmine.js:4399:18)
                    at Object.&lt;anonymous> (/Users/jbarrera/Protractor/HugeAutomation/e2e/app.e2e-spec.ts:18:1)
                    at Module._compile (internal/modules/cjs/loader.js:734:30)
                    at Module.m._compile (/Users/jbarrera/Protractor/HugeAutomation/node_modules/ts-node/src/index.ts:439:23)
                    at Module._extensions..js (internal/modules/cjs/loader.js:745:10)
                    at Object.require.extensions.(anonymous function) [as .ts] (/Users/jbarrera/Protractor/HugeAutomation/node_modules/ts-node/src/index.ts:442:12)</stack-trace>
            </failure>
        </test-case>
    </test-cases>
</ns2:test-suite>