<?xml version='1.0'?>
<ns2:test-suite xmlns:ns2='urn:model.allure.qatools.yandex.ru' start='1549984468359' stop='1549984491809'>
    <name>workspace-project App</name>
    <title>workspace-project App</title>
    <test-cases>
        <test-case start='1549984468359' status='failed' stop='1549984480618'>
            <name>Test Initial Loading Site</name>
            <title>Test Initial Loading Site</title>
            <labels/>
            <parameters/>
            <steps/>
            <attachments>
                <attachment title='Screenshot' source='9971e9b4-f9bf-4c38-8c48-a002c880fd05-attachment.png' type='image/png' size='41442'/>
            </attachments>
            <failure>
                <message>Failed: Error while running testForAngular: script timeout: result was not received in 11 seconds
                  (Session info: chrome=72.0.3626.96)
                  (Driver info: chromedriver=2.46.628411 (3324f4c8be9ff2f70a05a30ebc72ffb013e1a71e),platform=Mac OS X 10.14.3 x86_64)</message>
                <stack-trace>Error: Error while running testForAngular: script timeout: result was not received in 11 seconds
                  (Session info: chrome=72.0.3626.96)
                  (Driver info: chromedriver=2.46.628411 (3324f4c8be9ff2f70a05a30ebc72ffb013e1a71e),platform=Mac OS X 10.14.3 x86_64)
                    at executeAsyncScript_.then (/usr/local/lib/node_modules/protractor/built/browser.js:727:23)
                    at ManagedPromise.invokeCallback_ (/usr/local/lib/node_modules/protractor/node_modules/selenium-webdriver/lib/promise.js:1376:14)
                    at TaskQueue.execute_ (/usr/local/lib/node_modules/protractor/node_modules/selenium-webdriver/lib/promise.js:3084:14)
                    at TaskQueue.executeNext_ (/usr/local/lib/node_modules/protractor/node_modules/selenium-webdriver/lib/promise.js:3067:27)
                    at asyncRun (/usr/local/lib/node_modules/protractor/node_modules/selenium-webdriver/lib/promise.js:2927:27)
                    at /usr/local/lib/node_modules/protractor/node_modules/selenium-webdriver/lib/promise.js:668:7
                    at processTicksAndRejections (internal/process/next_tick.js:81:5)
                From: Task: Run it("Test Initial Loading Site") in control flow
                    at UserContext.&lt;anonymous> (/usr/local/lib/node_modules/protractor/node_modules/jasminewd2/index.js:94:19)
                    at attempt (/usr/local/lib/node_modules/protractor/node_modules/jasmine-core/lib/jasmine-core/jasmine.js:4297:26)
                    at QueueRunner.run (/usr/local/lib/node_modules/protractor/node_modules/jasmine-core/lib/jasmine-core/jasmine.js:4217:20)
                    at runNext (/usr/local/lib/node_modules/protractor/node_modules/jasmine-core/lib/jasmine-core/jasmine.js:4257:20)
                    at /usr/local/lib/node_modules/protractor/node_modules/jasmine-core/lib/jasmine-core/jasmine.js:4264:13
                    at /usr/local/lib/node_modules/protractor/node_modules/jasmine-core/lib/jasmine-core/jasmine.js:4172:9
                    at /usr/local/lib/node_modules/protractor/node_modules/jasminewd2/index.js:64:48
                    at ControlFlow.emit (/usr/local/lib/node_modules/protractor/node_modules/selenium-webdriver/lib/events.js:62:21)
                    at ControlFlow.shutdown_ (/usr/local/lib/node_modules/protractor/node_modules/selenium-webdriver/lib/promise.js:2674:10)
                    at shutdownTask_.MicroTask (/usr/local/lib/node_modules/protractor/node_modules/selenium-webdriver/lib/promise.js:2599:53)
                From asynchronous test: 
                Error
                    at Suite.&lt;anonymous> (/Users/jbarrera/Protractor/HugeAutomation/e2e/app.e2e-spec.ts:62:3)
                    at addSpecsToSuite (/usr/local/lib/node_modules/protractor/node_modules/jasmine-core/lib/jasmine-core/jasmine.js:1107:25)
                    at Env.describe (/usr/local/lib/node_modules/protractor/node_modules/jasmine-core/lib/jasmine-core/jasmine.js:1074:7)
                    at describe (/usr/local/lib/node_modules/protractor/node_modules/jasmine-core/lib/jasmine-core/jasmine.js:4399:18)
                    at Object.&lt;anonymous> (/Users/jbarrera/Protractor/HugeAutomation/e2e/app.e2e-spec.ts:53:1)
                    at Module._compile (internal/modules/cjs/loader.js:734:30)
                    at Module.m._compile (/Users/jbarrera/Protractor/HugeAutomation/node_modules/ts-node/src/index.ts:439:23)
                    at Module._extensions..js (internal/modules/cjs/loader.js:745:10)
                    at Object.require.extensions.(anonymous function) [as .ts] (/Users/jbarrera/Protractor/HugeAutomation/node_modules/ts-node/src/index.ts:442:12)</stack-trace>
            </failure>
        </test-case>
        <test-case start='1549984480618' status='failed' stop='1549984491809'>
            <name>Test Second Loading Site</name>
            <title>Test Second Loading Site</title>
            <labels/>
            <parameters/>
            <steps/>
            <attachments>
                <attachment title='Screenshot' source='a068d78f-0c1e-4b17-9644-9064419cf042-attachment.png' type='image/png' size='41594'/>
            </attachments>
            <failure>
                <message>Failed: Angular could not be found on the page https://www.google.com/?hl=br. If this is not an Angular application, you may need to turn off waiting for Angular.
                                          Please see 
                                          https://github.com/angular/protractor/blob/master/docs/timeouts.md#waiting-for-angular-on-page-load</message>
                <stack-trace>Error: Angular could not be found on the page https://www.google.com/?hl=br. If this is not an Angular application, you may need to turn off waiting for Angular.
                                          Please see 
                                          https://github.com/angular/protractor/blob/master/docs/timeouts.md#waiting-for-angular-on-page-load
                    at executeAsyncScript_.then (/usr/local/lib/node_modules/protractor/built/browser.js:720:27)
                    at ManagedPromise.invokeCallback_ (/usr/local/lib/node_modules/protractor/node_modules/selenium-webdriver/lib/promise.js:1376:14)
                    at TaskQueue.execute_ (/usr/local/lib/node_modules/protractor/node_modules/selenium-webdriver/lib/promise.js:3084:14)
                    at TaskQueue.executeNext_ (/usr/local/lib/node_modules/protractor/node_modules/selenium-webdriver/lib/promise.js:3067:27)
                    at asyncRun (/usr/local/lib/node_modules/protractor/node_modules/selenium-webdriver/lib/promise.js:2927:27)
                    at /usr/local/lib/node_modules/protractor/node_modules/selenium-webdriver/lib/promise.js:668:7
                    at processTicksAndRejections (internal/process/next_tick.js:81:5)
                From: Task: Run it("Test Second Loading Site") in control flow
                    at UserContext.&lt;anonymous> (/usr/local/lib/node_modules/protractor/node_modules/jasminewd2/index.js:94:19)
                    at attempt (/usr/local/lib/node_modules/protractor/node_modules/jasmine-core/lib/jasmine-core/jasmine.js:4297:26)
                    at QueueRunner.run (/usr/local/lib/node_modules/protractor/node_modules/jasmine-core/lib/jasmine-core/jasmine.js:4217:20)
                    at runNext (/usr/local/lib/node_modules/protractor/node_modules/jasmine-core/lib/jasmine-core/jasmine.js:4257:20)
                    at /usr/local/lib/node_modules/protractor/node_modules/jasmine-core/lib/jasmine-core/jasmine.js:4264:13
                    at /usr/local/lib/node_modules/protractor/node_modules/jasmine-core/lib/jasmine-core/jasmine.js:4172:9
                    at /usr/local/lib/node_modules/protractor/node_modules/jasminewd2/index.js:64:48
                    at ControlFlow.emit (/usr/local/lib/node_modules/protractor/node_modules/selenium-webdriver/lib/events.js:62:21)
                    at ControlFlow.shutdown_ (/usr/local/lib/node_modules/protractor/node_modules/selenium-webdriver/lib/promise.js:2674:10)
                    at shutdownTask_.MicroTask (/usr/local/lib/node_modules/protractor/node_modules/selenium-webdriver/lib/promise.js:2599:53)
                From asynchronous test: 
                Error
                    at Suite.&lt;anonymous> (/Users/jbarrera/Protractor/HugeAutomation/e2e/app.e2e-spec.ts:71:3)
                    at addSpecsToSuite (/usr/local/lib/node_modules/protractor/node_modules/jasmine-core/lib/jasmine-core/jasmine.js:1107:25)
                    at Env.describe (/usr/local/lib/node_modules/protractor/node_modules/jasmine-core/lib/jasmine-core/jasmine.js:1074:7)
                    at describe (/usr/local/lib/node_modules/protractor/node_modules/jasmine-core/lib/jasmine-core/jasmine.js:4399:18)
                    at Object.&lt;anonymous> (/Users/jbarrera/Protractor/HugeAutomation/e2e/app.e2e-spec.ts:53:1)
                    at Module._compile (internal/modules/cjs/loader.js:734:30)
                    at Module.m._compile (/Users/jbarrera/Protractor/HugeAutomation/node_modules/ts-node/src/index.ts:439:23)
                    at Module._extensions..js (internal/modules/cjs/loader.js:745:10)
                    at Object.require.extensions.(anonymous function) [as .ts] (/Users/jbarrera/Protractor/HugeAutomation/node_modules/ts-node/src/index.ts:442:12)</stack-trace>
            </failure>
        </test-case>
    </test-cases>
</ns2:test-suite>