<?xml version='1.0'?>
<ns2:test-suite xmlns:ns2='urn:model.allure.qatools.yandex.ru' start='1550604367511' stop='1550604382548'>
    <name>workspace-project App</name>
    <title>workspace-project App</title>
    <test-cases>
        <test-case start='1550604367511' status='failed' stop='1550604376021'>
            <name>Test Initial Loading Sites</name>
            <title>Test Initial Loading Sites</title>
            <labels/>
            <parameters/>
            <steps/>
            <attachments/>
            <failure>
                <message>TypeError: browser.takeFullScreenshot is not a function</message>
                <stack-trace>TypeError: browser.takeFullScreenshot is not a function
                    at UserContext.&lt;anonymous> (/Users/jbarrera/Protractor/HugeAutomation/e2e/protractor.conf.js:50:15)
                    at attempt (/usr/local/lib/node_modules/protractor/node_modules/jasmine-core/lib/jasmine-core/jasmine.js:4297:26)
                    at QueueRunner.run (/usr/local/lib/node_modules/protractor/node_modules/jasmine-core/lib/jasmine-core/jasmine.js:4217:20)
                    at runNext (/usr/local/lib/node_modules/protractor/node_modules/jasmine-core/lib/jasmine-core/jasmine.js:4257:20)
                    at /usr/local/lib/node_modules/protractor/node_modules/jasmine-core/lib/jasmine-core/jasmine.js:4264:13
                    at /usr/local/lib/node_modules/protractor/node_modules/jasmine-core/lib/jasmine-core/jasmine.js:4172:9
                    at /usr/local/lib/node_modules/protractor/node_modules/jasminewd2/index.js:64:48
                    at ControlFlow.emit (/usr/local/lib/node_modules/protractor/node_modules/selenium-webdriver/lib/events.js:62:21)
                    at ControlFlow.shutdown_ (/usr/local/lib/node_modules/protractor/node_modules/selenium-webdriver/lib/promise.js:2674:10)
                    at shutdownTask_.MicroTask (/usr/local/lib/node_modules/protractor/node_modules/selenium-webdriver/lib/promise.js:2599:53)</stack-trace>
            </failure>
        </test-case>
        <test-case start='1550604376021' status='failed' stop='1550604382548'>
            <name>Test Second Loading Sites</name>
            <title>Test Second Loading Sites</title>
            <labels/>
            <parameters/>
            <steps/>
            <attachments/>
            <failure>
                <message>TypeError: browser.takeFullScreenshot is not a function</message>
                <stack-trace>TypeError: browser.takeFullScreenshot is not a function
                    at UserContext.&lt;anonymous> (/Users/jbarrera/Protractor/HugeAutomation/e2e/protractor.conf.js:50:15)
                    at attempt (/usr/local/lib/node_modules/protractor/node_modules/jasmine-core/lib/jasmine-core/jasmine.js:4297:26)
                    at QueueRunner.run (/usr/local/lib/node_modules/protractor/node_modules/jasmine-core/lib/jasmine-core/jasmine.js:4217:20)
                    at runNext (/usr/local/lib/node_modules/protractor/node_modules/jasmine-core/lib/jasmine-core/jasmine.js:4257:20)
                    at /usr/local/lib/node_modules/protractor/node_modules/jasmine-core/lib/jasmine-core/jasmine.js:4264:13
                    at /usr/local/lib/node_modules/protractor/node_modules/jasmine-core/lib/jasmine-core/jasmine.js:4172:9
                    at /usr/local/lib/node_modules/protractor/node_modules/jasminewd2/index.js:64:48
                    at ControlFlow.emit (/usr/local/lib/node_modules/protractor/node_modules/selenium-webdriver/lib/events.js:62:21)
                    at ControlFlow.shutdown_ (/usr/local/lib/node_modules/protractor/node_modules/selenium-webdriver/lib/promise.js:2674:10)
                    at shutdownTask_.MicroTask (/usr/local/lib/node_modules/protractor/node_modules/selenium-webdriver/lib/promise.js:2599:53)</stack-trace>
            </failure>
        </test-case>
    </test-cases>
</ns2:test-suite>