<?xml version='1.0'?>
<ns2:test-suite xmlns:ns2='urn:model.allure.qatools.yandex.ru' start='1550598668889' stop='1550598673664'>
    <name>workspace-project App</name>
    <title>workspace-project App</title>
    <test-cases>
        <test-case start='1550598668889' status='failed' stop='1550598673633'>
            <name>Test Initial Loading Sites</name>
            <title>Test Initial Loading Sites</title>
            <labels/>
            <parameters/>
            <steps/>
            <attachments/>
            <failure>
                <message>NoSuchWindowError: Browsing context has been discarded</message>
                <stack-trace>NoSuchWindowError: Browsing context has been discarded
                    at Object.throwDecodedError (/usr/local/lib/node_modules/protractor/node_modules/selenium-webdriver/lib/error.js:514:15)
                    at parseHttpResponse (/usr/local/lib/node_modules/protractor/node_modules/selenium-webdriver/lib/http.js:519:13)
                    at doSend.then.response (/usr/local/lib/node_modules/protractor/node_modules/selenium-webdriver/lib/http.js:441:30)
                    at processTicksAndRejections (internal/process/next_tick.js:81:5)
                From: Task: WebDriver.takeScreenshot()
                    at Driver.schedule (/usr/local/lib/node_modules/protractor/node_modules/selenium-webdriver/lib/webdriver.js:807:17)
                    at Driver.takeScreenshot (/usr/local/lib/node_modules/protractor/node_modules/selenium-webdriver/lib/webdriver.js:1085:17)
                    at run (/usr/local/lib/node_modules/protractor/built/browser.js:59:33)
                    at ProtractorBrowser.to.(anonymous function) [as takeScreenshot] (/usr/local/lib/node_modules/protractor/built/browser.js:67:16)
                    at UserContext.&lt;anonymous> (/Users/jbarrera/Protractor/HugeAutomation/e2e/protractor.conf.js:48:15)
                    at attempt (/usr/local/lib/node_modules/protractor/node_modules/jasmine-core/lib/jasmine-core/jasmine.js:4297:26)
                    at QueueRunner.run (/usr/local/lib/node_modules/protractor/node_modules/jasmine-core/lib/jasmine-core/jasmine.js:4217:20)
                    at runNext (/usr/local/lib/node_modules/protractor/node_modules/jasmine-core/lib/jasmine-core/jasmine.js:4257:20)
                    at /usr/local/lib/node_modules/protractor/node_modules/jasmine-core/lib/jasmine-core/jasmine.js:4264:13
                    at /usr/local/lib/node_modules/protractor/node_modules/jasmine-core/lib/jasmine-core/jasmine.js:4172:9</stack-trace>
            </failure>
        </test-case>
        <test-case start='1550598673634' status='failed' stop='1550598673663'>
            <name>Test Second Loading Sites</name>
            <title>Test Second Loading Sites</title>
            <labels/>
            <parameters/>
            <steps/>
            <attachments/>
            <failure>
                <message>Failed: Browsing context has been discarded</message>
                <stack-trace>NoSuchWindowError: Browsing context has been discarded
                    at Object.throwDecodedError (/usr/local/lib/node_modules/protractor/node_modules/selenium-webdriver/lib/error.js:514:15)
                    at parseHttpResponse (/usr/local/lib/node_modules/protractor/node_modules/selenium-webdriver/lib/http.js:519:13)
                    at doSend.then.response (/usr/local/lib/node_modules/protractor/node_modules/selenium-webdriver/lib/http.js:441:30)
                    at processTicksAndRejections (internal/process/next_tick.js:81:5)
                From: Task: WebDriver.executeScript()
                    at Driver.schedule (/usr/local/lib/node_modules/protractor/node_modules/selenium-webdriver/lib/webdriver.js:807:17)
                    at Driver.executeScript (/usr/local/lib/node_modules/protractor/node_modules/selenium-webdriver/lib/webdriver.js:878:16)
                    at run (/usr/local/lib/node_modules/protractor/built/browser.js:59:33)
                    at ProtractorBrowser.to.(anonymous function) [as executeScript] (/usr/local/lib/node_modules/protractor/built/browser.js:67:16)
                    at EyesWebDriver.getUserAgent (/Users/jbarrera/Protractor/HugeAutomation/node_modules/eyes.selenium/src/EyesWebDriver.js:76:29)
                    at /Users/jbarrera/Protractor/HugeAutomation/node_modules/eyes.selenium/src/Eyes.js:171:33
                    at ManagedPromise.invokeCallback_ (/usr/local/lib/node_modules/protractor/node_modules/selenium-webdriver/lib/promise.js:1376:14)
                    at TaskQueue.execute_ (/usr/local/lib/node_modules/protractor/node_modules/selenium-webdriver/lib/promise.js:3084:14)
                    at TaskQueue.executeNext_ (/usr/local/lib/node_modules/protractor/node_modules/selenium-webdriver/lib/promise.js:3067:27)
                    at asyncRun (/usr/local/lib/node_modules/protractor/node_modules/selenium-webdriver/lib/promise.js:2927:27)
                From: Task: Run beforeEach in control flow
                    at UserContext.&lt;anonymous> (/usr/local/lib/node_modules/protractor/node_modules/jasminewd2/index.js:94:19)
                    at attempt (/usr/local/lib/node_modules/protractor/node_modules/jasmine-core/lib/jasmine-core/jasmine.js:4297:26)
                    at QueueRunner.run (/usr/local/lib/node_modules/protractor/node_modules/jasmine-core/lib/jasmine-core/jasmine.js:4217:20)
                    at QueueRunner.execute (/usr/local/lib/node_modules/protractor/node_modules/jasmine-core/lib/jasmine-core/jasmine.js:4199:10)
                    at Spec.queueRunnerFactory (/usr/local/lib/node_modules/protractor/node_modules/jasmine-core/lib/jasmine-core/jasmine.js:909:35)
                    at Spec.execute (/usr/local/lib/node_modules/protractor/node_modules/jasmine-core/lib/jasmine-core/jasmine.js:526:10)
                    at UserContext.fn (/usr/local/lib/node_modules/protractor/node_modules/jasmine-core/lib/jasmine-core/jasmine.js:5340:37)
                    at attempt (/usr/local/lib/node_modules/protractor/node_modules/jasmine-core/lib/jasmine-core/jasmine.js:4297:26)
                    at QueueRunner.run (/usr/local/lib/node_modules/protractor/node_modules/jasmine-core/lib/jasmine-core/jasmine.js:4217:20)
                    at runNext (/usr/local/lib/node_modules/protractor/node_modules/jasmine-core/lib/jasmine-core/jasmine.js:4257:20)
                From asynchronous test: 
                Error
                    at Suite.&lt;anonymous> (/Users/jbarrera/Protractor/HugeAutomation/e2e/app.e2e-spec.ts:22:3)
                    at addSpecsToSuite (/usr/local/lib/node_modules/protractor/node_modules/jasmine-core/lib/jasmine-core/jasmine.js:1107:25)
                    at Env.describe (/usr/local/lib/node_modules/protractor/node_modules/jasmine-core/lib/jasmine-core/jasmine.js:1074:7)
                    at describe (/usr/local/lib/node_modules/protractor/node_modules/jasmine-core/lib/jasmine-core/jasmine.js:4399:18)
                    at Object.&lt;anonymous> (/Users/jbarrera/Protractor/HugeAutomation/e2e/app.e2e-spec.ts:18:1)
                    at Module._compile (internal/modules/cjs/loader.js:738:30)
                    at Module.m._compile (/Users/jbarrera/Protractor/HugeAutomation/node_modules/ts-node/src/index.ts:439:23)
                    at Module._extensions..js (internal/modules/cjs/loader.js:749:10)
                    at Object.require.extensions.(anonymous function) [as .ts] (/Users/jbarrera/Protractor/HugeAutomation/node_modules/ts-node/src/index.ts:442:12)</stack-trace>
            </failure>
        </test-case>
    </test-cases>
</ns2:test-suite>