<?xml version='1.0'?>
<ns2:test-suite xmlns:ns2='urn:model.allure.qatools.yandex.ru' start='1549985555328' stop='1549985573881'>
    <name>workspace-project App</name>
    <title>workspace-project App</title>
    <test-cases>
        <test-case start='1549985555329' status='failed' stop='1549985563590'>
            <name>Test Initial Loading Site</name>
            <title>Test Initial Loading Site</title>
            <labels/>
            <parameters/>
            <steps/>
            <attachments>
                <attachment title='Screenshot' source='2f4d16da-e7e8-42a8-967b-86e2d4ab42e0-attachment.png' type='image/png' size='100734'/>
            </attachments>
            <failure>
                <message>Failed: Failed to set viewport size!</message>
                <stack-trace>Error: Failed: Failed to set viewport size!
                    at stack (/usr/local/lib/node_modules/protractor/node_modules/jasmine-core/lib/jasmine-core/jasmine.js:2338:17)
                    at buildExpectationResult (/usr/local/lib/node_modules/protractor/node_modules/jasmine-core/lib/jasmine-core/jasmine.js:2308:14)
                    at Spec.expectationResultFactory (/usr/local/lib/node_modules/protractor/node_modules/jasmine-core/lib/jasmine-core/jasmine.js:858:18)
                    at Spec.addExpectationResult (/usr/local/lib/node_modules/protractor/node_modules/jasmine-core/lib/jasmine-core/jasmine.js:487:34)
                    at Env.fail (/usr/local/lib/node_modules/protractor/node_modules/jasmine-core/lib/jasmine-core/jasmine.js:1286:25)
                    at Function.next.fail (/usr/local/lib/node_modules/protractor/node_modules/jasmine-core/lib/jasmine-core/jasmine.js:4272:19)
                    at /usr/local/lib/node_modules/protractor/node_modules/jasminewd2/index.js:64:48
                    at ControlFlow.emit (/usr/local/lib/node_modules/protractor/node_modules/selenium-webdriver/lib/events.js:62:21)
                    at ControlFlow.shutdown_ (/usr/local/lib/node_modules/protractor/node_modules/selenium-webdriver/lib/promise.js:2674:10)
                    at shutdownTask_.MicroTask (/usr/local/lib/node_modules/protractor/node_modules/selenium-webdriver/lib/promise.js:2599:53)</stack-trace>
            </failure>
        </test-case>
        <test-case start='1549985563590' status='failed' stop='1549985573880'>
            <name>Test Second Loading Site</name>
            <title>Test Second Loading Site</title>
            <labels/>
            <parameters/>
            <steps/>
            <attachments>
                <attachment title='Screenshot' source='8dd54708-2d1f-4f59-a42c-aee6055728be-attachment.png' type='image/png' size='82810'/>
            </attachments>
            <failure>
                <message>Failed: Failed to set viewport size!</message>
                <stack-trace>Error: Failed: Failed to set viewport size!
                    at stack (/usr/local/lib/node_modules/protractor/node_modules/jasmine-core/lib/jasmine-core/jasmine.js:2338:17)
                    at buildExpectationResult (/usr/local/lib/node_modules/protractor/node_modules/jasmine-core/lib/jasmine-core/jasmine.js:2308:14)
                    at Spec.expectationResultFactory (/usr/local/lib/node_modules/protractor/node_modules/jasmine-core/lib/jasmine-core/jasmine.js:858:18)
                    at Spec.addExpectationResult (/usr/local/lib/node_modules/protractor/node_modules/jasmine-core/lib/jasmine-core/jasmine.js:487:34)
                    at Env.fail (/usr/local/lib/node_modules/protractor/node_modules/jasmine-core/lib/jasmine-core/jasmine.js:1286:25)
                    at Function.next.fail (/usr/local/lib/node_modules/protractor/node_modules/jasmine-core/lib/jasmine-core/jasmine.js:4272:19)
                    at /usr/local/lib/node_modules/protractor/node_modules/jasminewd2/index.js:64:48
                    at ControlFlow.emit (/usr/local/lib/node_modules/protractor/node_modules/selenium-webdriver/lib/events.js:62:21)
                    at ControlFlow.shutdown_ (/usr/local/lib/node_modules/protractor/node_modules/selenium-webdriver/lib/promise.js:2674:10)
                    at shutdownTask_.MicroTask (/usr/local/lib/node_modules/protractor/node_modules/selenium-webdriver/lib/promise.js:2599:53)</stack-trace>
            </failure>
        </test-case>
    </test-cases>
</ns2:test-suite>