<?xml version='1.0'?>
<ns2:test-suite xmlns:ns2='urn:model.allure.qatools.yandex.ru' start='1550267123170' stop='1550267126786'>
    <name>workspace-project App</name>
    <title>workspace-project App</title>
    <test-cases>
        <test-case start='1550267123170' status='failed' stop='1550267125712'>
            <name>Test Initial Loading Sites</name>
            <title>Test Initial Loading Sites</title>
            <labels/>
            <parameters/>
            <steps/>
            <attachments>
                <attachment title='Screenshot' source='5dae313a-e751-4947-953c-49fddebb8b58-attachment.png' type='image/png' size='63355'/>
            </attachments>
            <failure>
                <message>Failed: ServerConnector.startSession - unexpected status {"statusCode":403,"statusMessage":"Applitools.Utils.AccessDeniedException [API key is disabled!]","headers":{"cache-control":"private","server":"","x-powered-by":"","x-xss-protection":"1; mode=block","access-control-allow-credentials":"true","strict-transport-security":"max-age=31536000","date":"Fri, 15 Feb 2019 21:45:25 GMT","connection":"close","content-length":"0"}}</message>
                <stack-trace>Error: ServerConnector.startSession - unexpected status {"statusCode":403,"statusMessage":"Applitools.Utils.AccessDeniedException [API key is disabled!]","headers":{"cache-control":"private","server":"","x-powered-by":"","x-xss-protection":"1; mode=block","access-control-allow-credentials":"true","strict-transport-security":"max-age=31536000","date":"Fri, 15 Feb 2019 21:45:25 GMT","connection":"close","content-length":"0"}}
                    at /Users/jbarrera/Protractor/HugeAutomation/node_modules/eyes.sdk/src/ServerConnector.js:184:19
                    at ManagedPromise.invokeCallback_ (/usr/local/lib/node_modules/protractor/node_modules/selenium-webdriver/lib/promise.js:1376:14)
                    at TaskQueue.execute_ (/usr/local/lib/node_modules/protractor/node_modules/selenium-webdriver/lib/promise.js:3084:14)
                    at TaskQueue.executeNext_ (/usr/local/lib/node_modules/protractor/node_modules/selenium-webdriver/lib/promise.js:3067:27)
                    at asyncRun (/usr/local/lib/node_modules/protractor/node_modules/selenium-webdriver/lib/promise.js:2927:27)
                    at /usr/local/lib/node_modules/protractor/node_modules/selenium-webdriver/lib/promise.js:668:7
                    at processTicksAndRejections (internal/process/next_tick.js:81:5)
                From: Task: &lt;anonymous>
                    at PromiseFactory._promiseFactoryFunc (/Users/jbarrera/Protractor/HugeAutomation/node_modules/eyes.selenium/src/Eyes.js:76:25)
                    at PromiseFactory.makePromise (/Users/jbarrera/Protractor/HugeAutomation/node_modules/eyes.utils/src/PromiseFactory.js:38:25)
                    at EyesBase.startSession (/Users/jbarrera/Protractor/HugeAutomation/node_modules/eyes.sdk/src/EyesBase.js:1420:37)
                    at Eyes.&lt;anonymous> (/Users/jbarrera/Protractor/HugeAutomation/node_modules/eyes.sdk/src/EyesBase.js:1287:25)
                    at new Promise (&lt;anonymous>)
                    at /Users/jbarrera/Protractor/HugeAutomation/node_modules/eyes.selenium/src/Eyes.js:77:24
                    at TaskQueue.execute_ (/usr/local/lib/node_modules/protractor/node_modules/selenium-webdriver/lib/promise.js:3084:14)
                    at TaskQueue.executeNext_ (/usr/local/lib/node_modules/protractor/node_modules/selenium-webdriver/lib/promise.js:3067:27)
                    at asyncRun (/usr/local/lib/node_modules/protractor/node_modules/selenium-webdriver/lib/promise.js:2974:25)
                    at /usr/local/lib/node_modules/protractor/node_modules/selenium-webdriver/lib/promise.js:668:7
                From: Task: &lt;anonymous>
                    at PromiseFactory._promiseFactoryFunc (/Users/jbarrera/Protractor/HugeAutomation/node_modules/eyes.selenium/src/Eyes.js:76:25)
                    at PromiseFactory.makePromise (/Users/jbarrera/Protractor/HugeAutomation/node_modules/eyes.utils/src/PromiseFactory.js:38:25)
                    at EyesBase.checkWindow (/Users/jbarrera/Protractor/HugeAutomation/node_modules/eyes.sdk/src/EyesBase.js:1272:37)
                    at /Users/jbarrera/Protractor/HugeAutomation/node_modules/eyes.selenium/src/Eyes.js:343:51
                    at ManagedPromise.invokeCallback_ (/usr/local/lib/node_modules/protractor/node_modules/selenium-webdriver/lib/promise.js:1376:14)
                    at TaskQueue.execute_ (/usr/local/lib/node_modules/protractor/node_modules/selenium-webdriver/lib/promise.js:3084:14)
                    at TaskQueue.executeNext_ (/usr/local/lib/node_modules/protractor/node_modules/selenium-webdriver/lib/promise.js:3067:27)
                    at asyncRun (/usr/local/lib/node_modules/protractor/node_modules/selenium-webdriver/lib/promise.js:2927:27)
                    at /usr/local/lib/node_modules/protractor/node_modules/selenium-webdriver/lib/promise.js:668:7
                    at processTicksAndRejections (internal/process/next_tick.js:81:5)
                From: Task: Run it("Test Initial Loading Sites") in control flow
                    at UserContext.&lt;anonymous> (/usr/local/lib/node_modules/protractor/node_modules/jasminewd2/index.js:94:19)
                    at attempt (/usr/local/lib/node_modules/protractor/node_modules/jasmine-core/lib/jasmine-core/jasmine.js:4297:26)
                    at QueueRunner.run (/usr/local/lib/node_modules/protractor/node_modules/jasmine-core/lib/jasmine-core/jasmine.js:4217:20)
                    at runNext (/usr/local/lib/node_modules/protractor/node_modules/jasmine-core/lib/jasmine-core/jasmine.js:4257:20)
                    at /usr/local/lib/node_modules/protractor/node_modules/jasmine-core/lib/jasmine-core/jasmine.js:4264:13
                    at /usr/local/lib/node_modules/protractor/node_modules/jasmine-core/lib/jasmine-core/jasmine.js:4172:9
                    at /usr/local/lib/node_modules/protractor/node_modules/jasminewd2/index.js:64:48
                    at ControlFlow.emit (/usr/local/lib/node_modules/protractor/node_modules/selenium-webdriver/lib/events.js:62:21)
                    at ControlFlow.shutdown_ (/usr/local/lib/node_modules/protractor/node_modules/selenium-webdriver/lib/promise.js:2674:10)
                    at shutdownTask_.MicroTask (/usr/local/lib/node_modules/protractor/node_modules/selenium-webdriver/lib/promise.js:2599:53)
                From asynchronous test: 
                Error
                    at Suite.&lt;anonymous> (/Users/jbarrera/Protractor/HugeAutomation/e2e/app.e2e-spec.ts:26:3)
                    at addSpecsToSuite (/usr/local/lib/node_modules/protractor/node_modules/jasmine-core/lib/jasmine-core/jasmine.js:1107:25)
                    at Env.describe (/usr/local/lib/node_modules/protractor/node_modules/jasmine-core/lib/jasmine-core/jasmine.js:1074:7)
                    at describe (/usr/local/lib/node_modules/protractor/node_modules/jasmine-core/lib/jasmine-core/jasmine.js:4399:18)
                    at Object.&lt;anonymous> (/Users/jbarrera/Protractor/HugeAutomation/e2e/app.e2e-spec.ts:18:1)
                    at Module._compile (internal/modules/cjs/loader.js:734:30)
                    at Module.m._compile (/Users/jbarrera/Protractor/HugeAutomation/node_modules/ts-node/src/index.ts:439:23)
                    at Module._extensions..js (internal/modules/cjs/loader.js:745:10)
                    at Object.require.extensions.(anonymous function) [as .ts] (/Users/jbarrera/Protractor/HugeAutomation/node_modules/ts-node/src/index.ts:442:12)</stack-trace>
            </failure>
        </test-case>
        <test-case start='1550267125712' status='failed' stop='1550267126785'>
            <name>Test Second Loading Sites</name>
            <title>Test Second Loading Sites</title>
            <labels/>
            <parameters/>
            <steps/>
            <attachments>
                <attachment title='Screenshot' source='4bb1496b-a673-45cc-b882-4a033152fc2b-attachment.png' type='image/png' size='63355'/>
            </attachments>
            <failure>
                <message>Failed: ServerConnector.startSession - unexpected status {"statusCode":403,"statusMessage":"Applitools.Utils.AccessDeniedException [API key is disabled!]","headers":{"cache-control":"private","server":"","x-powered-by":"","x-xss-protection":"1; mode=block","access-control-allow-credentials":"true","strict-transport-security":"max-age=31536000","date":"Fri, 15 Feb 2019 21:45:26 GMT","connection":"close","content-length":"0"}}</message>
                <stack-trace>Error: ServerConnector.startSession - unexpected status {"statusCode":403,"statusMessage":"Applitools.Utils.AccessDeniedException [API key is disabled!]","headers":{"cache-control":"private","server":"","x-powered-by":"","x-xss-protection":"1; mode=block","access-control-allow-credentials":"true","strict-transport-security":"max-age=31536000","date":"Fri, 15 Feb 2019 21:45:26 GMT","connection":"close","content-length":"0"}}
                    at /Users/jbarrera/Protractor/HugeAutomation/node_modules/eyes.sdk/src/ServerConnector.js:184:19
                    at ManagedPromise.invokeCallback_ (/usr/local/lib/node_modules/protractor/node_modules/selenium-webdriver/lib/promise.js:1376:14)
                    at TaskQueue.execute_ (/usr/local/lib/node_modules/protractor/node_modules/selenium-webdriver/lib/promise.js:3084:14)
                    at TaskQueue.executeNext_ (/usr/local/lib/node_modules/protractor/node_modules/selenium-webdriver/lib/promise.js:3067:27)
                    at asyncRun (/usr/local/lib/node_modules/protractor/node_modules/selenium-webdriver/lib/promise.js:2927:27)
                    at /usr/local/lib/node_modules/protractor/node_modules/selenium-webdriver/lib/promise.js:668:7
                    at processTicksAndRejections (internal/process/next_tick.js:81:5)
                From: Task: &lt;anonymous>
                    at PromiseFactory._promiseFactoryFunc (/Users/jbarrera/Protractor/HugeAutomation/node_modules/eyes.selenium/src/Eyes.js:76:25)
                    at PromiseFactory.makePromise (/Users/jbarrera/Protractor/HugeAutomation/node_modules/eyes.utils/src/PromiseFactory.js:38:25)
                    at EyesBase.startSession (/Users/jbarrera/Protractor/HugeAutomation/node_modules/eyes.sdk/src/EyesBase.js:1420:37)
                    at Eyes.&lt;anonymous> (/Users/jbarrera/Protractor/HugeAutomation/node_modules/eyes.sdk/src/EyesBase.js:1287:25)
                    at new Promise (&lt;anonymous>)
                    at /Users/jbarrera/Protractor/HugeAutomation/node_modules/eyes.selenium/src/Eyes.js:77:24
                    at TaskQueue.execute_ (/usr/local/lib/node_modules/protractor/node_modules/selenium-webdriver/lib/promise.js:3084:14)
                    at TaskQueue.executeNext_ (/usr/local/lib/node_modules/protractor/node_modules/selenium-webdriver/lib/promise.js:3067:27)
                    at asyncRun (/usr/local/lib/node_modules/protractor/node_modules/selenium-webdriver/lib/promise.js:2974:25)
                    at /usr/local/lib/node_modules/protractor/node_modules/selenium-webdriver/lib/promise.js:668:7
                From: Task: &lt;anonymous>
                    at PromiseFactory._promiseFactoryFunc (/Users/jbarrera/Protractor/HugeAutomation/node_modules/eyes.selenium/src/Eyes.js:76:25)
                    at PromiseFactory.makePromise (/Users/jbarrera/Protractor/HugeAutomation/node_modules/eyes.utils/src/PromiseFactory.js:38:25)
                    at EyesBase.checkWindow (/Users/jbarrera/Protractor/HugeAutomation/node_modules/eyes.sdk/src/EyesBase.js:1272:37)
                    at /Users/jbarrera/Protractor/HugeAutomation/node_modules/eyes.selenium/src/Eyes.js:343:51
                    at ManagedPromise.invokeCallback_ (/usr/local/lib/node_modules/protractor/node_modules/selenium-webdriver/lib/promise.js:1376:14)
                    at TaskQueue.execute_ (/usr/local/lib/node_modules/protractor/node_modules/selenium-webdriver/lib/promise.js:3084:14)
                    at TaskQueue.executeNext_ (/usr/local/lib/node_modules/protractor/node_modules/selenium-webdriver/lib/promise.js:3067:27)
                    at asyncRun (/usr/local/lib/node_modules/protractor/node_modules/selenium-webdriver/lib/promise.js:2927:27)
                    at /usr/local/lib/node_modules/protractor/node_modules/selenium-webdriver/lib/promise.js:668:7
                    at processTicksAndRejections (internal/process/next_tick.js:81:5)
                From: Task: Run it("Test Second Loading Sites") in control flow
                    at UserContext.&lt;anonymous> (/usr/local/lib/node_modules/protractor/node_modules/jasminewd2/index.js:94:19)
                    at attempt (/usr/local/lib/node_modules/protractor/node_modules/jasmine-core/lib/jasmine-core/jasmine.js:4297:26)
                    at QueueRunner.run (/usr/local/lib/node_modules/protractor/node_modules/jasmine-core/lib/jasmine-core/jasmine.js:4217:20)
                    at runNext (/usr/local/lib/node_modules/protractor/node_modules/jasmine-core/lib/jasmine-core/jasmine.js:4257:20)
                    at /usr/local/lib/node_modules/protractor/node_modules/jasmine-core/lib/jasmine-core/jasmine.js:4264:13
                    at /usr/local/lib/node_modules/protractor/node_modules/jasmine-core/lib/jasmine-core/jasmine.js:4172:9
                    at /usr/local/lib/node_modules/protractor/node_modules/jasminewd2/index.js:64:48
                    at ControlFlow.emit (/usr/local/lib/node_modules/protractor/node_modules/selenium-webdriver/lib/events.js:62:21)
                    at ControlFlow.shutdown_ (/usr/local/lib/node_modules/protractor/node_modules/selenium-webdriver/lib/promise.js:2674:10)
                    at shutdownTask_.MicroTask (/usr/local/lib/node_modules/protractor/node_modules/selenium-webdriver/lib/promise.js:2599:53)
                From asynchronous test: 
                Error
                    at Suite.&lt;anonymous> (/Users/jbarrera/Protractor/HugeAutomation/e2e/app.e2e-spec.ts:33:3)
                    at addSpecsToSuite (/usr/local/lib/node_modules/protractor/node_modules/jasmine-core/lib/jasmine-core/jasmine.js:1107:25)
                    at Env.describe (/usr/local/lib/node_modules/protractor/node_modules/jasmine-core/lib/jasmine-core/jasmine.js:1074:7)
                    at describe (/usr/local/lib/node_modules/protractor/node_modules/jasmine-core/lib/jasmine-core/jasmine.js:4399:18)
                    at Object.&lt;anonymous> (/Users/jbarrera/Protractor/HugeAutomation/e2e/app.e2e-spec.ts:18:1)
                    at Module._compile (internal/modules/cjs/loader.js:734:30)
                    at Module.m._compile (/Users/jbarrera/Protractor/HugeAutomation/node_modules/ts-node/src/index.ts:439:23)
                    at Module._extensions..js (internal/modules/cjs/loader.js:745:10)
                    at Object.require.extensions.(anonymous function) [as .ts] (/Users/jbarrera/Protractor/HugeAutomation/node_modules/ts-node/src/index.ts:442:12)</stack-trace>
            </failure>
        </test-case>
    </test-cases>
</ns2:test-suite>